INFO - 2024-11-06 02:36:57 --> Session: Class initialized using 'CodeIgniter\Session\Handlers\FileHandler' driver.
INFO - 2024-11-06 03:06:22 --> Session: Class initialized using 'CodeIgniter\Session\Handlers\FileHandler' driver.
CRITICAL - 2024-11-06 03:06:22 --> ErrorException: Undefined property: App\Controllers\Notes::$noteModel
in APPPATH\Controllers\Notes.php on line 37.
 1 APPPATH\Controllers\Notes.php(37): CodeIgniter\Debug\Exceptions->errorHandler(8, 'Undefined property: App\\Controllers\\Notes::$noteModel', 'C:\\xampp\\htdocs\\notes\\app\\Controllers\\Notes.php', 37, [...])
 2 SYSTEMPATH\CodeIgniter.php(941): App\Controllers\Notes->proses_tambah_notes()
 3 SYSTEMPATH\CodeIgniter.php(502): CodeIgniter\CodeIgniter->runController(Object(App\Controllers\Notes))
 4 SYSTEMPATH\CodeIgniter.php(361): CodeIgniter\CodeIgniter->handleRequest(null, Object(Config\Cache), false)
 5 FCPATH\index.php(79): CodeIgniter\CodeIgniter->run()
INFO - 2024-11-06 03:06:53 --> Session: Class initialized using 'CodeIgniter\Session\Handlers\FileHandler' driver.
CRITICAL - 2024-11-06 03:06:53 --> BadMethodCallException: Call to undefined method App\Models\ModelNotes::addNote
in SYSTEMPATH\Model.php on line 874.
 1 APPPATH\Controllers\Notes.php(37): CodeIgniter\Model->__call('addNote', [...])
 2 SYSTEMPATH\CodeIgniter.php(941): App\Controllers\Notes->proses_tambah_notes()
 3 SYSTEMPATH\CodeIgniter.php(502): CodeIgniter\CodeIgniter->runController(Object(App\Controllers\Notes))
 4 SYSTEMPATH\CodeIgniter.php(361): CodeIgniter\CodeIgniter->handleRequest(null, Object(Config\Cache), false)
 5 FCPATH\index.php(79): CodeIgniter\CodeIgniter->run()
INFO - 2024-11-06 03:10:35 --> Session: Class initialized using 'CodeIgniter\Session\Handlers\FileHandler' driver.
CRITICAL - 2024-11-06 03:10:35 --> BadMethodCallException: Call to undefined method App\Models\ModelNotes::addNote
in SYSTEMPATH\Model.php on line 874.
 1 APPPATH\Controllers\Notes.php(37): CodeIgniter\Model->__call('addNote', [...])
 2 SYSTEMPATH\CodeIgniter.php(941): App\Controllers\Notes->proses_tambah_notes()
 3 SYSTEMPATH\CodeIgniter.php(502): CodeIgniter\CodeIgniter->runController(Object(App\Controllers\Notes))
 4 SYSTEMPATH\CodeIgniter.php(361): CodeIgniter\CodeIgniter->handleRequest(null, Object(Config\Cache), false)
 5 FCPATH\index.php(79): CodeIgniter\CodeIgniter->run()
INFO - 2024-11-06 03:12:01 --> Session: Class initialized using 'CodeIgniter\Session\Handlers\FileHandler' driver.
CRITICAL - 2024-11-06 03:12:01 --> BadMethodCallException: Call to undefined method App\Models\ModelNotes::addNote
in SYSTEMPATH\Model.php on line 874.
 1 APPPATH\Controllers\Notes.php(37): CodeIgniter\Model->__call('addNote', [...])
 2 SYSTEMPATH\CodeIgniter.php(941): App\Controllers\Notes->proses_tambah_notes()
 3 SYSTEMPATH\CodeIgniter.php(502): CodeIgniter\CodeIgniter->runController(Object(App\Controllers\Notes))
 4 SYSTEMPATH\CodeIgniter.php(361): CodeIgniter\CodeIgniter->handleRequest(null, Object(Config\Cache), false)
 5 FCPATH\index.php(79): CodeIgniter\CodeIgniter->run()
INFO - 2024-11-06 03:14:46 --> Session: Class initialized using 'CodeIgniter\Session\Handlers\FileHandler' driver.
ERROR - 2024-11-06 03:14:46 --> mysqli_sql_exception: Column 'id_user' cannot be null in C:\xampp\htdocs\notes\system\Database\MySQLi\Connection.php:306
Stack trace:
#0 C:\xampp\htdocs\notes\system\Database\MySQLi\Connection.php(306): mysqli->query('INSERT INTO `tb...', 0)
#1 C:\xampp\htdocs\notes\system\Database\BaseConnection.php(693): CodeIgniter\Database\MySQLi\Connection->execute('INSERT INTO `tb...')
#2 C:\xampp\htdocs\notes\system\Database\BaseConnection.php(607): CodeIgniter\Database\BaseConnection->simpleQuery('INSERT INTO `tb...')
#3 C:\xampp\htdocs\notes\system\Database\BaseBuilder.php(2307): CodeIgniter\Database\BaseConnection->query('INSERT INTO `tb...', Array, false)
#4 C:\xampp\htdocs\notes\system\Model.php(326): CodeIgniter\Database\BaseBuilder->insert()
#5 C:\xampp\htdocs\notes\system\BaseModel.php(802): CodeIgniter\Model->doInsert(Array)
#6 C:\xampp\htdocs\notes\system\Model.php(744): CodeIgniter\BaseModel->insert(Array, true)
#7 C:\xampp\htdocs\notes\app\Models\ModelNotes.php(16): CodeIgniter\Model->insert(Array)
#8 C:\xampp\htdocs\notes\app\Controllers\Notes.php(37): App\Models\ModelNotes->tambah_notes(Array)
#9 C:\xampp\htdocs\notes\system\CodeIgniter.php(941): App\Controllers\Notes->proses_tambah_notes()
#10 C:\xampp\htdocs\notes\system\CodeIgniter.php(502): CodeIgniter\CodeIgniter->runController(Object(App\Controllers\Notes))
#11 C:\xampp\htdocs\notes\system\CodeIgniter.php(361): CodeIgniter\CodeIgniter->handleRequest(NULL, Object(Config\Cache), false)
#12 C:\xampp\htdocs\notes\public\index.php(79): CodeIgniter\CodeIgniter->run()
#13 {main}
CRITICAL - 2024-11-06 03:14:46 --> CodeIgniter\Database\Exceptions\DatabaseException: Column 'id_user' cannot be null
in SYSTEMPATH\Database\BaseConnection.php on line 647.
 1 SYSTEMPATH\Database\BaseBuilder.php(2307): CodeIgniter\Database\BaseConnection->query('INSERT INTO `tb_notes` (`id_user`, `judul`, `isi`, `tanggal`) VALUES (:id_user:, :judul:, :isi:, :tanggal:)', [...], false)
 2 SYSTEMPATH\Model.php(326): CodeIgniter\Database\BaseBuilder->insert()
 3 SYSTEMPATH\BaseModel.php(802): CodeIgniter\Model->doInsert([...])
 4 SYSTEMPATH\Model.php(744): CodeIgniter\BaseModel->insert([...], true)
 5 APPPATH\Models\ModelNotes.php(16): CodeIgniter\Model->insert([...])
 6 APPPATH\Controllers\Notes.php(37): App\Models\ModelNotes->tambah_notes([...])
 7 SYSTEMPATH\CodeIgniter.php(941): App\Controllers\Notes->proses_tambah_notes()
 8 SYSTEMPATH\CodeIgniter.php(502): CodeIgniter\CodeIgniter->runController(Object(App\Controllers\Notes))
 9 SYSTEMPATH\CodeIgniter.php(361): CodeIgniter\CodeIgniter->handleRequest(null, Object(Config\Cache), false)
10 FCPATH\index.php(79): CodeIgniter\CodeIgniter->run()
CRITICAL - 2024-11-06 03:14:46 --> [Caused by] CodeIgniter\Database\Exceptions\DatabaseException: Column 'id_user' cannot be null
in SYSTEMPATH\Database\MySQLi\Connection.php on line 311.
 1 SYSTEMPATH\Database\BaseConnection.php(693): CodeIgniter\Database\MySQLi\Connection->execute('INSERT INTO `tb_notes` (`id_user`, `judul`, `isi`, `tanggal`) VALUES (NULL, \'Nicolas Spark\', \'\\r\\n    Lorem ipsum dolor, sit amet consectetur adipisicing elit. Quidem est et magnam neque quis totam natus? Quas natus doloremque, est laborum fugiat sapiente delectus optio laudantium eum animi, voluptatibus saepe, Lorem ipsum dolor sit amet consectetur adipisicing elit. Temporibus, dolorum. Facere aperiam, rerum repudiandae obcaecati eum, nesciunt minus quo debitis, numquam perferendis in? Quo odit atque repellendus nam, accusantium nostrum tenetur et exercitationem vero dignissimos aspernatur expedita, illo delectus laudantium unde! Hic, odio commodi? Magnam, a minus iure voluptates eaque totam minima eius amet quam temporibus reprehenderit iste, repellendus perferendis saepe ipsa nisi nobis similique, in ratione consectetur optio dolore excepturi id enim? Nostrum quo possimus saepe atque a, nulla suscipit, maxime mollitia cupiditate nesciunt alias ipsam nihil ducimus, amet animi? Ipsum ad, quidem rem at accusantium possimus deserunt magni!\', \'2024-11-06\')')
 2 SYSTEMPATH\Database\BaseConnection.php(607): CodeIgniter\Database\BaseConnection->simpleQuery('INSERT INTO `tb_notes` (`id_user`, `judul`, `isi`, `tanggal`) VALUES (NULL, \'Nicolas Spark\', \'\\r\\n    Lorem ipsum dolor, sit amet consectetur adipisicing elit. Quidem est et magnam neque quis totam natus? Quas natus doloremque, est laborum fugiat sapiente delectus optio laudantium eum animi, voluptatibus saepe, Lorem ipsum dolor sit amet consectetur adipisicing elit. Temporibus, dolorum. Facere aperiam, rerum repudiandae obcaecati eum, nesciunt minus quo debitis, numquam perferendis in? Quo odit atque repellendus nam, accusantium nostrum tenetur et exercitationem vero dignissimos aspernatur expedita, illo delectus laudantium unde! Hic, odio commodi? Magnam, a minus iure voluptates eaque totam minima eius amet quam temporibus reprehenderit iste, repellendus perferendis saepe ipsa nisi nobis similique, in ratione consectetur optio dolore excepturi id enim? Nostrum quo possimus saepe atque a, nulla suscipit, maxime mollitia cupiditate nesciunt alias ipsam nihil ducimus, amet animi? Ipsum ad, quidem rem at accusantium possimus deserunt magni!\', \'2024-11-06\')')
 3 SYSTEMPATH\Database\BaseBuilder.php(2307): CodeIgniter\Database\BaseConnection->query('INSERT INTO `tb_notes` (`id_user`, `judul`, `isi`, `tanggal`) VALUES (:id_user:, :judul:, :isi:, :tanggal:)', [...], false)
 4 SYSTEMPATH\Model.php(326): CodeIgniter\Database\BaseBuilder->insert()
 5 SYSTEMPATH\BaseModel.php(802): CodeIgniter\Model->doInsert([...])
 6 SYSTEMPATH\Model.php(744): CodeIgniter\BaseModel->insert([...], true)
 7 APPPATH\Models\ModelNotes.php(16): CodeIgniter\Model->insert([...])
 8 APPPATH\Controllers\Notes.php(37): App\Models\ModelNotes->tambah_notes([...])
 9 SYSTEMPATH\CodeIgniter.php(941): App\Controllers\Notes->proses_tambah_notes()
10 SYSTEMPATH\CodeIgniter.php(502): CodeIgniter\CodeIgniter->runController(Object(App\Controllers\Notes))
11 SYSTEMPATH\CodeIgniter.php(361): CodeIgniter\CodeIgniter->handleRequest(null, Object(Config\Cache), false)
12 FCPATH\index.php(79): CodeIgniter\CodeIgniter->run()
CRITICAL - 2024-11-06 03:14:46 --> [Caused by] mysqli_sql_exception: Column 'id_user' cannot be null
in SYSTEMPATH\Database\MySQLi\Connection.php on line 306.
 1 SYSTEMPATH\Database\MySQLi\Connection.php(306): mysqli->query('INSERT INTO `tb_notes` (`id_user`, `judul`, `isi`, `tanggal`) VALUES (NULL, \'Nicolas Spark\', \'\\r\\n    Lorem ipsum dolor, sit amet consectetur adipisicing elit. Quidem est et magnam neque quis totam natus? Quas natus doloremque, est laborum fugiat sapiente delectus optio laudantium eum animi, voluptatibus saepe, Lorem ipsum dolor sit amet consectetur adipisicing elit. Temporibus, dolorum. Facere aperiam, rerum repudiandae obcaecati eum, nesciunt minus quo debitis, numquam perferendis in? Quo odit atque repellendus nam, accusantium nostrum tenetur et exercitationem vero dignissimos aspernatur expedita, illo delectus laudantium unde! Hic, odio commodi? Magnam, a minus iure voluptates eaque totam minima eius amet quam temporibus reprehenderit iste, repellendus perferendis saepe ipsa nisi nobis similique, in ratione consectetur optio dolore excepturi id enim? Nostrum quo possimus saepe atque a, nulla suscipit, maxime mollitia cupiditate nesciunt alias ipsam nihil ducimus, amet animi? Ipsum ad, quidem rem at accusantium possimus deserunt magni!\', \'2024-11-06\')', 0)
 2 SYSTEMPATH\Database\BaseConnection.php(693): CodeIgniter\Database\MySQLi\Connection->execute('INSERT INTO `tb_notes` (`id_user`, `judul`, `isi`, `tanggal`) VALUES (NULL, \'Nicolas Spark\', \'\\r\\n    Lorem ipsum dolor, sit amet consectetur adipisicing elit. Quidem est et magnam neque quis totam natus? Quas natus doloremque, est laborum fugiat sapiente delectus optio laudantium eum animi, voluptatibus saepe, Lorem ipsum dolor sit amet consectetur adipisicing elit. Temporibus, dolorum. Facere aperiam, rerum repudiandae obcaecati eum, nesciunt minus quo debitis, numquam perferendis in? Quo odit atque repellendus nam, accusantium nostrum tenetur et exercitationem vero dignissimos aspernatur expedita, illo delectus laudantium unde! Hic, odio commodi? Magnam, a minus iure voluptates eaque totam minima eius amet quam temporibus reprehenderit iste, repellendus perferendis saepe ipsa nisi nobis similique, in ratione consectetur optio dolore excepturi id enim? Nostrum quo possimus saepe atque a, nulla suscipit, maxime mollitia cupiditate nesciunt alias ipsam nihil ducimus, amet animi? Ipsum ad, quidem rem at accusantium possimus deserunt magni!\', \'2024-11-06\')')
 3 SYSTEMPATH\Database\BaseConnection.php(607): CodeIgniter\Database\BaseConnection->simpleQuery('INSERT INTO `tb_notes` (`id_user`, `judul`, `isi`, `tanggal`) VALUES (NULL, \'Nicolas Spark\', \'\\r\\n    Lorem ipsum dolor, sit amet consectetur adipisicing elit. Quidem est et magnam neque quis totam natus? Quas natus doloremque, est laborum fugiat sapiente delectus optio laudantium eum animi, voluptatibus saepe, Lorem ipsum dolor sit amet consectetur adipisicing elit. Temporibus, dolorum. Facere aperiam, rerum repudiandae obcaecati eum, nesciunt minus quo debitis, numquam perferendis in? Quo odit atque repellendus nam, accusantium nostrum tenetur et exercitationem vero dignissimos aspernatur expedita, illo delectus laudantium unde! Hic, odio commodi? Magnam, a minus iure voluptates eaque totam minima eius amet quam temporibus reprehenderit iste, repellendus perferendis saepe ipsa nisi nobis similique, in ratione consectetur optio dolore excepturi id enim? Nostrum quo possimus saepe atque a, nulla suscipit, maxime mollitia cupiditate nesciunt alias ipsam nihil ducimus, amet animi? Ipsum ad, quidem rem at accusantium possimus deserunt magni!\', \'2024-11-06\')')
 4 SYSTEMPATH\Database\BaseBuilder.php(2307): CodeIgniter\Database\BaseConnection->query('INSERT INTO `tb_notes` (`id_user`, `judul`, `isi`, `tanggal`) VALUES (:id_user:, :judul:, :isi:, :tanggal:)', [...], false)
 5 SYSTEMPATH\Model.php(326): CodeIgniter\Database\BaseBuilder->insert()
 6 SYSTEMPATH\BaseModel.php(802): CodeIgniter\Model->doInsert([...])
 7 SYSTEMPATH\Model.php(744): CodeIgniter\BaseModel->insert([...], true)
 8 APPPATH\Models\ModelNotes.php(16): CodeIgniter\Model->insert([...])
 9 APPPATH\Controllers\Notes.php(37): App\Models\ModelNotes->tambah_notes([...])
10 SYSTEMPATH\CodeIgniter.php(941): App\Controllers\Notes->proses_tambah_notes()
11 SYSTEMPATH\CodeIgniter.php(502): CodeIgniter\CodeIgniter->runController(Object(App\Controllers\Notes))
12 SYSTEMPATH\CodeIgniter.php(361): CodeIgniter\CodeIgniter->handleRequest(null, Object(Config\Cache), false)
13 FCPATH\index.php(79): CodeIgniter\CodeIgniter->run()
INFO - 2024-11-06 03:15:04 --> Session: Class initialized using 'CodeIgniter\Session\Handlers\FileHandler' driver.
ERROR - 2024-11-06 03:15:04 --> mysqli_sql_exception: Unknown column 'id_user' in 'field list' in C:\xampp\htdocs\notes\system\Database\MySQLi\Connection.php:306
Stack trace:
#0 C:\xampp\htdocs\notes\system\Database\MySQLi\Connection.php(306): mysqli->query('INSERT INTO `tb...', 0)
#1 C:\xampp\htdocs\notes\system\Database\BaseConnection.php(693): CodeIgniter\Database\MySQLi\Connection->execute('INSERT INTO `tb...')
#2 C:\xampp\htdocs\notes\system\Database\BaseConnection.php(607): CodeIgniter\Database\BaseConnection->simpleQuery('INSERT INTO `tb...')
#3 C:\xampp\htdocs\notes\system\Database\BaseBuilder.php(2307): CodeIgniter\Database\BaseConnection->query('INSERT INTO `tb...', Array, false)
#4 C:\xampp\htdocs\notes\system\Model.php(326): CodeIgniter\Database\BaseBuilder->insert()
#5 C:\xampp\htdocs\notes\system\BaseModel.php(802): CodeIgniter\Model->doInsert(Array)
#6 C:\xampp\htdocs\notes\system\Model.php(744): CodeIgniter\BaseModel->insert(Array, true)
#7 C:\xampp\htdocs\notes\app\Models\ModelNotes.php(16): CodeIgniter\Model->insert(Array)
#8 C:\xampp\htdocs\notes\app\Controllers\Notes.php(37): App\Models\ModelNotes->tambah_notes(Array)
#9 C:\xampp\htdocs\notes\system\CodeIgniter.php(941): App\Controllers\Notes->proses_tambah_notes()
#10 C:\xampp\htdocs\notes\system\CodeIgniter.php(502): CodeIgniter\CodeIgniter->runController(Object(App\Controllers\Notes))
#11 C:\xampp\htdocs\notes\system\CodeIgniter.php(361): CodeIgniter\CodeIgniter->handleRequest(NULL, Object(Config\Cache), false)
#12 C:\xampp\htdocs\notes\public\index.php(79): CodeIgniter\CodeIgniter->run()
#13 {main}
CRITICAL - 2024-11-06 03:15:04 --> CodeIgniter\Database\Exceptions\DatabaseException: Unknown column 'id_user' in 'field list'
in SYSTEMPATH\Database\BaseConnection.php on line 647.
 1 SYSTEMPATH\Database\BaseBuilder.php(2307): CodeIgniter\Database\BaseConnection->query('INSERT INTO `tb_notes` (`id_user`, `judul`, `isi`, `tanggal`) VALUES (:id_user:, :judul:, :isi:, :tanggal:)', [...], false)
 2 SYSTEMPATH\Model.php(326): CodeIgniter\Database\BaseBuilder->insert()
 3 SYSTEMPATH\BaseModel.php(802): CodeIgniter\Model->doInsert([...])
 4 SYSTEMPATH\Model.php(744): CodeIgniter\BaseModel->insert([...], true)
 5 APPPATH\Models\ModelNotes.php(16): CodeIgniter\Model->insert([...])
 6 APPPATH\Controllers\Notes.php(37): App\Models\ModelNotes->tambah_notes([...])
 7 SYSTEMPATH\CodeIgniter.php(941): App\Controllers\Notes->proses_tambah_notes()
 8 SYSTEMPATH\CodeIgniter.php(502): CodeIgniter\CodeIgniter->runController(Object(App\Controllers\Notes))
 9 SYSTEMPATH\CodeIgniter.php(361): CodeIgniter\CodeIgniter->handleRequest(null, Object(Config\Cache), false)
10 FCPATH\index.php(79): CodeIgniter\CodeIgniter->run()
CRITICAL - 2024-11-06 03:15:04 --> [Caused by] CodeIgniter\Database\Exceptions\DatabaseException: Unknown column 'id_user' in 'field list'
in SYSTEMPATH\Database\MySQLi\Connection.php on line 311.
 1 SYSTEMPATH\Database\BaseConnection.php(693): CodeIgniter\Database\MySQLi\Connection->execute('INSERT INTO `tb_notes` (`id_user`, `judul`, `isi`, `tanggal`) VALUES (NULL, \'Nicolas Spark\', \'\\r\\n    Lorem ipsum dolor, sit amet consectetur adipisicing elit. Quidem est et magnam neque quis totam natus? Quas natus doloremque, est laborum fugiat sapiente delectus optio laudantium eum animi, voluptatibus saepe, Lorem ipsum dolor sit amet consectetur adipisicing elit. Temporibus, dolorum. Facere aperiam, rerum repudiandae obcaecati eum, nesciunt minus quo debitis, numquam perferendis in? Quo odit atque repellendus nam, accusantium nostrum tenetur et exercitationem vero dignissimos aspernatur expedita, illo delectus laudantium unde! Hic, odio commodi? Magnam, a minus iure voluptates eaque totam minima eius amet quam temporibus reprehenderit iste, repellendus perferendis saepe ipsa nisi nobis similique, in ratione consectetur optio dolore excepturi id enim? Nostrum quo possimus saepe atque a, nulla suscipit, maxime mollitia cupiditate nesciunt alias ipsam nihil ducimus, amet animi? Ipsum ad, quidem rem at accusantium possimus deserunt magni!\', \'2024-11-06\')')
 2 SYSTEMPATH\Database\BaseConnection.php(607): CodeIgniter\Database\BaseConnection->simpleQuery('INSERT INTO `tb_notes` (`id_user`, `judul`, `isi`, `tanggal`) VALUES (NULL, \'Nicolas Spark\', \'\\r\\n    Lorem ipsum dolor, sit amet consectetur adipisicing elit. Quidem est et magnam neque quis totam natus? Quas natus doloremque, est laborum fugiat sapiente delectus optio laudantium eum animi, voluptatibus saepe, Lorem ipsum dolor sit amet consectetur adipisicing elit. Temporibus, dolorum. Facere aperiam, rerum repudiandae obcaecati eum, nesciunt minus quo debitis, numquam perferendis in? Quo odit atque repellendus nam, accusantium nostrum tenetur et exercitationem vero dignissimos aspernatur expedita, illo delectus laudantium unde! Hic, odio commodi? Magnam, a minus iure voluptates eaque totam minima eius amet quam temporibus reprehenderit iste, repellendus perferendis saepe ipsa nisi nobis similique, in ratione consectetur optio dolore excepturi id enim? Nostrum quo possimus saepe atque a, nulla suscipit, maxime mollitia cupiditate nesciunt alias ipsam nihil ducimus, amet animi? Ipsum ad, quidem rem at accusantium possimus deserunt magni!\', \'2024-11-06\')')
 3 SYSTEMPATH\Database\BaseBuilder.php(2307): CodeIgniter\Database\BaseConnection->query('INSERT INTO `tb_notes` (`id_user`, `judul`, `isi`, `tanggal`) VALUES (:id_user:, :judul:, :isi:, :tanggal:)', [...], false)
 4 SYSTEMPATH\Model.php(326): CodeIgniter\Database\BaseBuilder->insert()
 5 SYSTEMPATH\BaseModel.php(802): CodeIgniter\Model->doInsert([...])
 6 SYSTEMPATH\Model.php(744): CodeIgniter\BaseModel->insert([...], true)
 7 APPPATH\Models\ModelNotes.php(16): CodeIgniter\Model->insert([...])
 8 APPPATH\Controllers\Notes.php(37): App\Models\ModelNotes->tambah_notes([...])
 9 SYSTEMPATH\CodeIgniter.php(941): App\Controllers\Notes->proses_tambah_notes()
10 SYSTEMPATH\CodeIgniter.php(502): CodeIgniter\CodeIgniter->runController(Object(App\Controllers\Notes))
11 SYSTEMPATH\CodeIgniter.php(361): CodeIgniter\CodeIgniter->handleRequest(null, Object(Config\Cache), false)
12 FCPATH\index.php(79): CodeIgniter\CodeIgniter->run()
CRITICAL - 2024-11-06 03:15:04 --> [Caused by] mysqli_sql_exception: Unknown column 'id_user' in 'field list'
in SYSTEMPATH\Database\MySQLi\Connection.php on line 306.
 1 SYSTEMPATH\Database\MySQLi\Connection.php(306): mysqli->query('INSERT INTO `tb_notes` (`id_user`, `judul`, `isi`, `tanggal`) VALUES (NULL, \'Nicolas Spark\', \'\\r\\n    Lorem ipsum dolor, sit amet consectetur adipisicing elit. Quidem est et magnam neque quis totam natus? Quas natus doloremque, est laborum fugiat sapiente delectus optio laudantium eum animi, voluptatibus saepe, Lorem ipsum dolor sit amet consectetur adipisicing elit. Temporibus, dolorum. Facere aperiam, rerum repudiandae obcaecati eum, nesciunt minus quo debitis, numquam perferendis in? Quo odit atque repellendus nam, accusantium nostrum tenetur et exercitationem vero dignissimos aspernatur expedita, illo delectus laudantium unde! Hic, odio commodi? Magnam, a minus iure voluptates eaque totam minima eius amet quam temporibus reprehenderit iste, repellendus perferendis saepe ipsa nisi nobis similique, in ratione consectetur optio dolore excepturi id enim? Nostrum quo possimus saepe atque a, nulla suscipit, maxime mollitia cupiditate nesciunt alias ipsam nihil ducimus, amet animi? Ipsum ad, quidem rem at accusantium possimus deserunt magni!\', \'2024-11-06\')', 0)
 2 SYSTEMPATH\Database\BaseConnection.php(693): CodeIgniter\Database\MySQLi\Connection->execute('INSERT INTO `tb_notes` (`id_user`, `judul`, `isi`, `tanggal`) VALUES (NULL, \'Nicolas Spark\', \'\\r\\n    Lorem ipsum dolor, sit amet consectetur adipisicing elit. Quidem est et magnam neque quis totam natus? Quas natus doloremque, est laborum fugiat sapiente delectus optio laudantium eum animi, voluptatibus saepe, Lorem ipsum dolor sit amet consectetur adipisicing elit. Temporibus, dolorum. Facere aperiam, rerum repudiandae obcaecati eum, nesciunt minus quo debitis, numquam perferendis in? Quo odit atque repellendus nam, accusantium nostrum tenetur et exercitationem vero dignissimos aspernatur expedita, illo delectus laudantium unde! Hic, odio commodi? Magnam, a minus iure voluptates eaque totam minima eius amet quam temporibus reprehenderit iste, repellendus perferendis saepe ipsa nisi nobis similique, in ratione consectetur optio dolore excepturi id enim? Nostrum quo possimus saepe atque a, nulla suscipit, maxime mollitia cupiditate nesciunt alias ipsam nihil ducimus, amet animi? Ipsum ad, quidem rem at accusantium possimus deserunt magni!\', \'2024-11-06\')')
 3 SYSTEMPATH\Database\BaseConnection.php(607): CodeIgniter\Database\BaseConnection->simpleQuery('INSERT INTO `tb_notes` (`id_user`, `judul`, `isi`, `tanggal`) VALUES (NULL, \'Nicolas Spark\', \'\\r\\n    Lorem ipsum dolor, sit amet consectetur adipisicing elit. Quidem est et magnam neque quis totam natus? Quas natus doloremque, est laborum fugiat sapiente delectus optio laudantium eum animi, voluptatibus saepe, Lorem ipsum dolor sit amet consectetur adipisicing elit. Temporibus, dolorum. Facere aperiam, rerum repudiandae obcaecati eum, nesciunt minus quo debitis, numquam perferendis in? Quo odit atque repellendus nam, accusantium nostrum tenetur et exercitationem vero dignissimos aspernatur expedita, illo delectus laudantium unde! Hic, odio commodi? Magnam, a minus iure voluptates eaque totam minima eius amet quam temporibus reprehenderit iste, repellendus perferendis saepe ipsa nisi nobis similique, in ratione consectetur optio dolore excepturi id enim? Nostrum quo possimus saepe atque a, nulla suscipit, maxime mollitia cupiditate nesciunt alias ipsam nihil ducimus, amet animi? Ipsum ad, quidem rem at accusantium possimus deserunt magni!\', \'2024-11-06\')')
 4 SYSTEMPATH\Database\BaseBuilder.php(2307): CodeIgniter\Database\BaseConnection->query('INSERT INTO `tb_notes` (`id_user`, `judul`, `isi`, `tanggal`) VALUES (:id_user:, :judul:, :isi:, :tanggal:)', [...], false)
 5 SYSTEMPATH\Model.php(326): CodeIgniter\Database\BaseBuilder->insert()
 6 SYSTEMPATH\BaseModel.php(802): CodeIgniter\Model->doInsert([...])
 7 SYSTEMPATH\Model.php(744): CodeIgniter\BaseModel->insert([...], true)
 8 APPPATH\Models\ModelNotes.php(16): CodeIgniter\Model->insert([...])
 9 APPPATH\Controllers\Notes.php(37): App\Models\ModelNotes->tambah_notes([...])
10 SYSTEMPATH\CodeIgniter.php(941): App\Controllers\Notes->proses_tambah_notes()
11 SYSTEMPATH\CodeIgniter.php(502): CodeIgniter\CodeIgniter->runController(Object(App\Controllers\Notes))
12 SYSTEMPATH\CodeIgniter.php(361): CodeIgniter\CodeIgniter->handleRequest(null, Object(Config\Cache), false)
13 FCPATH\index.php(79): CodeIgniter\CodeIgniter->run()
INFO - 2024-11-06 03:15:28 --> Session: Class initialized using 'CodeIgniter\Session\Handlers\FileHandler' driver.
INFO - 2024-11-06 03:16:19 --> Session: Class initialized using 'CodeIgniter\Session\Handlers\FileHandler' driver.
INFO - 2024-11-06 03:20:46 --> Session: Class initialized using 'CodeIgniter\Session\Handlers\FileHandler' driver.
INFO - 2024-11-06 03:20:51 --> Session: Class initialized using 'CodeIgniter\Session\Handlers\FileHandler' driver.
INFO - 2024-11-06 03:21:29 --> Session: Class initialized using 'CodeIgniter\Session\Handlers\FileHandler' driver.
INFO - 2024-11-06 03:21:29 --> Session: Class initialized using 'CodeIgniter\Session\Handlers\FileHandler' driver.
INFO - 2024-11-06 03:22:23 --> Session: Class initialized using 'CodeIgniter\Session\Handlers\FileHandler' driver.
INFO - 2024-11-06 03:22:41 --> Session: Class initialized using 'CodeIgniter\Session\Handlers\FileHandler' driver.
INFO - 2024-11-06 03:22:41 --> Session: Class initialized using 'CodeIgniter\Session\Handlers\FileHandler' driver.
INFO - 2024-11-06 03:22:53 --> Session: Class initialized using 'CodeIgniter\Session\Handlers\FileHandler' driver.
INFO - 2024-11-06 03:22:53 --> Session: Class initialized using 'CodeIgniter\Session\Handlers\FileHandler' driver.
INFO - 2024-11-06 03:23:22 --> Session: Class initialized using 'CodeIgniter\Session\Handlers\FileHandler' driver.
CRITICAL - 2024-11-06 03:23:22 --> ErrorException: Undefined property: App\Controllers\Home::$ModelNotes
in APPPATH\Controllers\Home.php on line 23.
 1 APPPATH\Controllers\Home.php(23): CodeIgniter\Debug\Exceptions->errorHandler(8, 'Undefined property: App\\Controllers\\Home::$ModelNotes', 'C:\\xampp\\htdocs\\notes\\app\\Controllers\\Home.php', 23, [...])
 2 SYSTEMPATH\CodeIgniter.php(941): App\Controllers\Home->home()
 3 SYSTEMPATH\CodeIgniter.php(502): CodeIgniter\CodeIgniter->runController(Object(App\Controllers\Home))
 4 SYSTEMPATH\CodeIgniter.php(361): CodeIgniter\CodeIgniter->handleRequest(null, Object(Config\Cache), false)
 5 FCPATH\index.php(79): CodeIgniter\CodeIgniter->run()
INFO - 2024-11-06 03:23:44 --> Session: Class initialized using 'CodeIgniter\Session\Handlers\FileHandler' driver.
ERROR - 2024-11-06 03:23:44 --> mysqli_sql_exception: Unknown column 'tb_notes.id_user' in 'on clause' in C:\xampp\htdocs\notes\system\Database\MySQLi\Connection.php:306
Stack trace:
#0 C:\xampp\htdocs\notes\system\Database\MySQLi\Connection.php(306): mysqli->query('SELECT *\nFROM `...', 0)
#1 C:\xampp\htdocs\notes\system\Database\BaseConnection.php(693): CodeIgniter\Database\MySQLi\Connection->execute('SELECT *\nFROM `...')
#2 C:\xampp\htdocs\notes\system\Database\BaseConnection.php(607): CodeIgniter\Database\BaseConnection->simpleQuery('SELECT *\nFROM `...')
#3 C:\xampp\htdocs\notes\system\Database\BaseBuilder.php(1616): CodeIgniter\Database\BaseConnection->query('SELECT *\nFROM `...', Array, false)
#4 C:\xampp\htdocs\notes\app\Models\ModelNotes.php(25): CodeIgniter\Database\BaseBuilder->get()
#5 C:\xampp\htdocs\notes\app\Controllers\Home.php(25): App\Models\ModelNotes->semua_notes()
#6 C:\xampp\htdocs\notes\system\CodeIgniter.php(941): App\Controllers\Home->home()
#7 C:\xampp\htdocs\notes\system\CodeIgniter.php(502): CodeIgniter\CodeIgniter->runController(Object(App\Controllers\Home))
#8 C:\xampp\htdocs\notes\system\CodeIgniter.php(361): CodeIgniter\CodeIgniter->handleRequest(NULL, Object(Config\Cache), false)
#9 C:\xampp\htdocs\notes\public\index.php(79): CodeIgniter\CodeIgniter->run()
#10 {main}
CRITICAL - 2024-11-06 03:23:44 --> CodeIgniter\Database\Exceptions\DatabaseException: Unknown column 'tb_notes.id_user' in 'on clause'
in SYSTEMPATH\Database\BaseConnection.php on line 647.
 1 SYSTEMPATH\Database\BaseBuilder.php(1616): CodeIgniter\Database\BaseConnection->query('SELECT *
FROM `tb_notes`
LEFT JOIN `tb_user` ON `tb_user`.`id_user` = `tb_notes`.`id_user`
ORDER BY `id_notes` ASC', [], false)
 2 APPPATH\Models\ModelNotes.php(25): CodeIgniter\Database\BaseBuilder->get()
 3 APPPATH\Controllers\Home.php(25): App\Models\ModelNotes->semua_notes()
 4 SYSTEMPATH\CodeIgniter.php(941): App\Controllers\Home->home()
 5 SYSTEMPATH\CodeIgniter.php(502): CodeIgniter\CodeIgniter->runController(Object(App\Controllers\Home))
 6 SYSTEMPATH\CodeIgniter.php(361): CodeIgniter\CodeIgniter->handleRequest(null, Object(Config\Cache), false)
 7 FCPATH\index.php(79): CodeIgniter\CodeIgniter->run()
CRITICAL - 2024-11-06 03:23:44 --> [Caused by] CodeIgniter\Database\Exceptions\DatabaseException: Unknown column 'tb_notes.id_user' in 'on clause'
in SYSTEMPATH\Database\MySQLi\Connection.php on line 311.
 1 SYSTEMPATH\Database\BaseConnection.php(693): CodeIgniter\Database\MySQLi\Connection->execute('SELECT *
FROM `tb_notes`
LEFT JOIN `tb_user` ON `tb_user`.`id_user` = `tb_notes`.`id_user`
ORDER BY `id_notes` ASC')
 2 SYSTEMPATH\Database\BaseConnection.php(607): CodeIgniter\Database\BaseConnection->simpleQuery('SELECT *
FROM `tb_notes`
LEFT JOIN `tb_user` ON `tb_user`.`id_user` = `tb_notes`.`id_user`
ORDER BY `id_notes` ASC')
 3 SYSTEMPATH\Database\BaseBuilder.php(1616): CodeIgniter\Database\BaseConnection->query('SELECT *
FROM `tb_notes`
LEFT JOIN `tb_user` ON `tb_user`.`id_user` = `tb_notes`.`id_user`
ORDER BY `id_notes` ASC', [], false)
 4 APPPATH\Models\ModelNotes.php(25): CodeIgniter\Database\BaseBuilder->get()
 5 APPPATH\Controllers\Home.php(25): App\Models\ModelNotes->semua_notes()
 6 SYSTEMPATH\CodeIgniter.php(941): App\Controllers\Home->home()
 7 SYSTEMPATH\CodeIgniter.php(502): CodeIgniter\CodeIgniter->runController(Object(App\Controllers\Home))
 8 SYSTEMPATH\CodeIgniter.php(361): CodeIgniter\CodeIgniter->handleRequest(null, Object(Config\Cache), false)
 9 FCPATH\index.php(79): CodeIgniter\CodeIgniter->run()
CRITICAL - 2024-11-06 03:23:44 --> [Caused by] mysqli_sql_exception: Unknown column 'tb_notes.id_user' in 'on clause'
in SYSTEMPATH\Database\MySQLi\Connection.php on line 306.
 1 SYSTEMPATH\Database\MySQLi\Connection.php(306): mysqli->query('SELECT *
FROM `tb_notes`
LEFT JOIN `tb_user` ON `tb_user`.`id_user` = `tb_notes`.`id_user`
ORDER BY `id_notes` ASC', 0)
 2 SYSTEMPATH\Database\BaseConnection.php(693): CodeIgniter\Database\MySQLi\Connection->execute('SELECT *
FROM `tb_notes`
LEFT JOIN `tb_user` ON `tb_user`.`id_user` = `tb_notes`.`id_user`
ORDER BY `id_notes` ASC')
 3 SYSTEMPATH\Database\BaseConnection.php(607): CodeIgniter\Database\BaseConnection->simpleQuery('SELECT *
FROM `tb_notes`
LEFT JOIN `tb_user` ON `tb_user`.`id_user` = `tb_notes`.`id_user`
ORDER BY `id_notes` ASC')
 4 SYSTEMPATH\Database\BaseBuilder.php(1616): CodeIgniter\Database\BaseConnection->query('SELECT *
FROM `tb_notes`
LEFT JOIN `tb_user` ON `tb_user`.`id_user` = `tb_notes`.`id_user`
ORDER BY `id_notes` ASC', [], false)
 5 APPPATH\Models\ModelNotes.php(25): CodeIgniter\Database\BaseBuilder->get()
 6 APPPATH\Controllers\Home.php(25): App\Models\ModelNotes->semua_notes()
 7 SYSTEMPATH\CodeIgniter.php(941): App\Controllers\Home->home()
 8 SYSTEMPATH\CodeIgniter.php(502): CodeIgniter\CodeIgniter->runController(Object(App\Controllers\Home))
 9 SYSTEMPATH\CodeIgniter.php(361): CodeIgniter\CodeIgniter->handleRequest(null, Object(Config\Cache), false)
10 FCPATH\index.php(79): CodeIgniter\CodeIgniter->run()
INFO - 2024-11-06 03:24:09 --> Session: Class initialized using 'CodeIgniter\Session\Handlers\FileHandler' driver.
ERROR - 2024-11-06 03:24:09 --> mysqli_sql_exception: Unknown column 'tb_user.id_notes' in 'on clause' in C:\xampp\htdocs\notes\system\Database\MySQLi\Connection.php:306
Stack trace:
#0 C:\xampp\htdocs\notes\system\Database\MySQLi\Connection.php(306): mysqli->query('SELECT *\nFROM `...', 0)
#1 C:\xampp\htdocs\notes\system\Database\BaseConnection.php(693): CodeIgniter\Database\MySQLi\Connection->execute('SELECT *\nFROM `...')
#2 C:\xampp\htdocs\notes\system\Database\BaseConnection.php(607): CodeIgniter\Database\BaseConnection->simpleQuery('SELECT *\nFROM `...')
#3 C:\xampp\htdocs\notes\system\Database\BaseBuilder.php(1616): CodeIgniter\Database\BaseConnection->query('SELECT *\nFROM `...', Array, false)
#4 C:\xampp\htdocs\notes\app\Models\ModelNotes.php(25): CodeIgniter\Database\BaseBuilder->get()
#5 C:\xampp\htdocs\notes\app\Controllers\Home.php(25): App\Models\ModelNotes->semua_notes()
#6 C:\xampp\htdocs\notes\system\CodeIgniter.php(941): App\Controllers\Home->home()
#7 C:\xampp\htdocs\notes\system\CodeIgniter.php(502): CodeIgniter\CodeIgniter->runController(Object(App\Controllers\Home))
#8 C:\xampp\htdocs\notes\system\CodeIgniter.php(361): CodeIgniter\CodeIgniter->handleRequest(NULL, Object(Config\Cache), false)
#9 C:\xampp\htdocs\notes\public\index.php(79): CodeIgniter\CodeIgniter->run()
#10 {main}
CRITICAL - 2024-11-06 03:24:09 --> CodeIgniter\Database\Exceptions\DatabaseException: Unknown column 'tb_user.id_notes' in 'on clause'
in SYSTEMPATH\Database\BaseConnection.php on line 647.
 1 SYSTEMPATH\Database\BaseBuilder.php(1616): CodeIgniter\Database\BaseConnection->query('SELECT *
FROM `tb_notes`
LEFT JOIN `tb_user` ON `tb_user`.`id_notes` = `tb_notes`.`id_user`
ORDER BY `id_notes` ASC', [], false)
 2 APPPATH\Models\ModelNotes.php(25): CodeIgniter\Database\BaseBuilder->get()
 3 APPPATH\Controllers\Home.php(25): App\Models\ModelNotes->semua_notes()
 4 SYSTEMPATH\CodeIgniter.php(941): App\Controllers\Home->home()
 5 SYSTEMPATH\CodeIgniter.php(502): CodeIgniter\CodeIgniter->runController(Object(App\Controllers\Home))
 6 SYSTEMPATH\CodeIgniter.php(361): CodeIgniter\CodeIgniter->handleRequest(null, Object(Config\Cache), false)
 7 FCPATH\index.php(79): CodeIgniter\CodeIgniter->run()
CRITICAL - 2024-11-06 03:24:09 --> [Caused by] CodeIgniter\Database\Exceptions\DatabaseException: Unknown column 'tb_user.id_notes' in 'on clause'
in SYSTEMPATH\Database\MySQLi\Connection.php on line 311.
 1 SYSTEMPATH\Database\BaseConnection.php(693): CodeIgniter\Database\MySQLi\Connection->execute('SELECT *
FROM `tb_notes`
LEFT JOIN `tb_user` ON `tb_user`.`id_notes` = `tb_notes`.`id_user`
ORDER BY `id_notes` ASC')
 2 SYSTEMPATH\Database\BaseConnection.php(607): CodeIgniter\Database\BaseConnection->simpleQuery('SELECT *
FROM `tb_notes`
LEFT JOIN `tb_user` ON `tb_user`.`id_notes` = `tb_notes`.`id_user`
ORDER BY `id_notes` ASC')
 3 SYSTEMPATH\Database\BaseBuilder.php(1616): CodeIgniter\Database\BaseConnection->query('SELECT *
FROM `tb_notes`
LEFT JOIN `tb_user` ON `tb_user`.`id_notes` = `tb_notes`.`id_user`
ORDER BY `id_notes` ASC', [], false)
 4 APPPATH\Models\ModelNotes.php(25): CodeIgniter\Database\BaseBuilder->get()
 5 APPPATH\Controllers\Home.php(25): App\Models\ModelNotes->semua_notes()
 6 SYSTEMPATH\CodeIgniter.php(941): App\Controllers\Home->home()
 7 SYSTEMPATH\CodeIgniter.php(502): CodeIgniter\CodeIgniter->runController(Object(App\Controllers\Home))
 8 SYSTEMPATH\CodeIgniter.php(361): CodeIgniter\CodeIgniter->handleRequest(null, Object(Config\Cache), false)
 9 FCPATH\index.php(79): CodeIgniter\CodeIgniter->run()
CRITICAL - 2024-11-06 03:24:09 --> [Caused by] mysqli_sql_exception: Unknown column 'tb_user.id_notes' in 'on clause'
in SYSTEMPATH\Database\MySQLi\Connection.php on line 306.
 1 SYSTEMPATH\Database\MySQLi\Connection.php(306): mysqli->query('SELECT *
FROM `tb_notes`
LEFT JOIN `tb_user` ON `tb_user`.`id_notes` = `tb_notes`.`id_user`
ORDER BY `id_notes` ASC', 0)
 2 SYSTEMPATH\Database\BaseConnection.php(693): CodeIgniter\Database\MySQLi\Connection->execute('SELECT *
FROM `tb_notes`
LEFT JOIN `tb_user` ON `tb_user`.`id_notes` = `tb_notes`.`id_user`
ORDER BY `id_notes` ASC')
 3 SYSTEMPATH\Database\BaseConnection.php(607): CodeIgniter\Database\BaseConnection->simpleQuery('SELECT *
FROM `tb_notes`
LEFT JOIN `tb_user` ON `tb_user`.`id_notes` = `tb_notes`.`id_user`
ORDER BY `id_notes` ASC')
 4 SYSTEMPATH\Database\BaseBuilder.php(1616): CodeIgniter\Database\BaseConnection->query('SELECT *
FROM `tb_notes`
LEFT JOIN `tb_user` ON `tb_user`.`id_notes` = `tb_notes`.`id_user`
ORDER BY `id_notes` ASC', [], false)
 5 APPPATH\Models\ModelNotes.php(25): CodeIgniter\Database\BaseBuilder->get()
 6 APPPATH\Controllers\Home.php(25): App\Models\ModelNotes->semua_notes()
 7 SYSTEMPATH\CodeIgniter.php(941): App\Controllers\Home->home()
 8 SYSTEMPATH\CodeIgniter.php(502): CodeIgniter\CodeIgniter->runController(Object(App\Controllers\Home))
 9 SYSTEMPATH\CodeIgniter.php(361): CodeIgniter\CodeIgniter->handleRequest(null, Object(Config\Cache), false)
10 FCPATH\index.php(79): CodeIgniter\CodeIgniter->run()
INFO - 2024-11-06 03:25:24 --> Session: Class initialized using 'CodeIgniter\Session\Handlers\FileHandler' driver.
ERROR - 2024-11-06 03:25:24 --> mysqli_sql_exception: Unknown column 'tb_notes.id_user' in 'on clause' in C:\xampp\htdocs\notes\system\Database\MySQLi\Connection.php:306
Stack trace:
#0 C:\xampp\htdocs\notes\system\Database\MySQLi\Connection.php(306): mysqli->query('SELECT *\nFROM `...', 0)
#1 C:\xampp\htdocs\notes\system\Database\BaseConnection.php(693): CodeIgniter\Database\MySQLi\Connection->execute('SELECT *\nFROM `...')
#2 C:\xampp\htdocs\notes\system\Database\BaseConnection.php(607): CodeIgniter\Database\BaseConnection->simpleQuery('SELECT *\nFROM `...')
#3 C:\xampp\htdocs\notes\system\Database\BaseBuilder.php(1616): CodeIgniter\Database\BaseConnection->query('SELECT *\nFROM `...', Array, false)
#4 C:\xampp\htdocs\notes\app\Models\ModelNotes.php(25): CodeIgniter\Database\BaseBuilder->get()
#5 C:\xampp\htdocs\notes\app\Controllers\Home.php(25): App\Models\ModelNotes->semua_notes()
#6 C:\xampp\htdocs\notes\system\CodeIgniter.php(941): App\Controllers\Home->home()
#7 C:\xampp\htdocs\notes\system\CodeIgniter.php(502): CodeIgniter\CodeIgniter->runController(Object(App\Controllers\Home))
#8 C:\xampp\htdocs\notes\system\CodeIgniter.php(361): CodeIgniter\CodeIgniter->handleRequest(NULL, Object(Config\Cache), false)
#9 C:\xampp\htdocs\notes\public\index.php(79): CodeIgniter\CodeIgniter->run()
#10 {main}
CRITICAL - 2024-11-06 03:25:24 --> CodeIgniter\Database\Exceptions\DatabaseException: Unknown column 'tb_notes.id_user' in 'on clause'
in SYSTEMPATH\Database\BaseConnection.php on line 647.
 1 SYSTEMPATH\Database\BaseBuilder.php(1616): CodeIgniter\Database\BaseConnection->query('SELECT *
FROM `tb_notes`
LEFT JOIN `tb_user` ON `tb_user`.`id_user` = `tb_notes`.`id_user`
ORDER BY `id_notes` ASC', [], false)
 2 APPPATH\Models\ModelNotes.php(25): CodeIgniter\Database\BaseBuilder->get()
 3 APPPATH\Controllers\Home.php(25): App\Models\ModelNotes->semua_notes()
 4 SYSTEMPATH\CodeIgniter.php(941): App\Controllers\Home->home()
 5 SYSTEMPATH\CodeIgniter.php(502): CodeIgniter\CodeIgniter->runController(Object(App\Controllers\Home))
 6 SYSTEMPATH\CodeIgniter.php(361): CodeIgniter\CodeIgniter->handleRequest(null, Object(Config\Cache), false)
 7 FCPATH\index.php(79): CodeIgniter\CodeIgniter->run()
CRITICAL - 2024-11-06 03:25:24 --> [Caused by] CodeIgniter\Database\Exceptions\DatabaseException: Unknown column 'tb_notes.id_user' in 'on clause'
in SYSTEMPATH\Database\MySQLi\Connection.php on line 311.
 1 SYSTEMPATH\Database\BaseConnection.php(693): CodeIgniter\Database\MySQLi\Connection->execute('SELECT *
FROM `tb_notes`
LEFT JOIN `tb_user` ON `tb_user`.`id_user` = `tb_notes`.`id_user`
ORDER BY `id_notes` ASC')
 2 SYSTEMPATH\Database\BaseConnection.php(607): CodeIgniter\Database\BaseConnection->simpleQuery('SELECT *
FROM `tb_notes`
LEFT JOIN `tb_user` ON `tb_user`.`id_user` = `tb_notes`.`id_user`
ORDER BY `id_notes` ASC')
 3 SYSTEMPATH\Database\BaseBuilder.php(1616): CodeIgniter\Database\BaseConnection->query('SELECT *
FROM `tb_notes`
LEFT JOIN `tb_user` ON `tb_user`.`id_user` = `tb_notes`.`id_user`
ORDER BY `id_notes` ASC', [], false)
 4 APPPATH\Models\ModelNotes.php(25): CodeIgniter\Database\BaseBuilder->get()
 5 APPPATH\Controllers\Home.php(25): App\Models\ModelNotes->semua_notes()
 6 SYSTEMPATH\CodeIgniter.php(941): App\Controllers\Home->home()
 7 SYSTEMPATH\CodeIgniter.php(502): CodeIgniter\CodeIgniter->runController(Object(App\Controllers\Home))
 8 SYSTEMPATH\CodeIgniter.php(361): CodeIgniter\CodeIgniter->handleRequest(null, Object(Config\Cache), false)
 9 FCPATH\index.php(79): CodeIgniter\CodeIgniter->run()
CRITICAL - 2024-11-06 03:25:24 --> [Caused by] mysqli_sql_exception: Unknown column 'tb_notes.id_user' in 'on clause'
in SYSTEMPATH\Database\MySQLi\Connection.php on line 306.
 1 SYSTEMPATH\Database\MySQLi\Connection.php(306): mysqli->query('SELECT *
FROM `tb_notes`
LEFT JOIN `tb_user` ON `tb_user`.`id_user` = `tb_notes`.`id_user`
ORDER BY `id_notes` ASC', 0)
 2 SYSTEMPATH\Database\BaseConnection.php(693): CodeIgniter\Database\MySQLi\Connection->execute('SELECT *
FROM `tb_notes`
LEFT JOIN `tb_user` ON `tb_user`.`id_user` = `tb_notes`.`id_user`
ORDER BY `id_notes` ASC')
 3 SYSTEMPATH\Database\BaseConnection.php(607): CodeIgniter\Database\BaseConnection->simpleQuery('SELECT *
FROM `tb_notes`
LEFT JOIN `tb_user` ON `tb_user`.`id_user` = `tb_notes`.`id_user`
ORDER BY `id_notes` ASC')
 4 SYSTEMPATH\Database\BaseBuilder.php(1616): CodeIgniter\Database\BaseConnection->query('SELECT *
FROM `tb_notes`
LEFT JOIN `tb_user` ON `tb_user`.`id_user` = `tb_notes`.`id_user`
ORDER BY `id_notes` ASC', [], false)
 5 APPPATH\Models\ModelNotes.php(25): CodeIgniter\Database\BaseBuilder->get()
 6 APPPATH\Controllers\Home.php(25): App\Models\ModelNotes->semua_notes()
 7 SYSTEMPATH\CodeIgniter.php(941): App\Controllers\Home->home()
 8 SYSTEMPATH\CodeIgniter.php(502): CodeIgniter\CodeIgniter->runController(Object(App\Controllers\Home))
 9 SYSTEMPATH\CodeIgniter.php(361): CodeIgniter\CodeIgniter->handleRequest(null, Object(Config\Cache), false)
10 FCPATH\index.php(79): CodeIgniter\CodeIgniter->run()
INFO - 2024-11-06 03:41:43 --> Session: Class initialized using 'CodeIgniter\Session\Handlers\FileHandler' driver.
ERROR - 2024-11-06 03:41:43 --> mysqli_sql_exception: Unknown column 'tb_notes.id_user' in 'on clause' in C:\xampp\htdocs\notes\system\Database\MySQLi\Connection.php:306
Stack trace:
#0 C:\xampp\htdocs\notes\system\Database\MySQLi\Connection.php(306): mysqli->query('SELECT *\nFROM `...', 0)
#1 C:\xampp\htdocs\notes\system\Database\BaseConnection.php(693): CodeIgniter\Database\MySQLi\Connection->execute('SELECT *\nFROM `...')
#2 C:\xampp\htdocs\notes\system\Database\BaseConnection.php(607): CodeIgniter\Database\BaseConnection->simpleQuery('SELECT *\nFROM `...')
#3 C:\xampp\htdocs\notes\system\Database\BaseBuilder.php(1616): CodeIgniter\Database\BaseConnection->query('SELECT *\nFROM `...', Array, false)
#4 C:\xampp\htdocs\notes\app\Models\ModelNotes.php(25): CodeIgniter\Database\BaseBuilder->get()
#5 C:\xampp\htdocs\notes\app\Controllers\Home.php(25): App\Models\ModelNotes->semua_notes()
#6 C:\xampp\htdocs\notes\system\CodeIgniter.php(941): App\Controllers\Home->home()
#7 C:\xampp\htdocs\notes\system\CodeIgniter.php(502): CodeIgniter\CodeIgniter->runController(Object(App\Controllers\Home))
#8 C:\xampp\htdocs\notes\system\CodeIgniter.php(361): CodeIgniter\CodeIgniter->handleRequest(NULL, Object(Config\Cache), false)
#9 C:\xampp\htdocs\notes\public\index.php(79): CodeIgniter\CodeIgniter->run()
#10 {main}
CRITICAL - 2024-11-06 03:41:43 --> CodeIgniter\Database\Exceptions\DatabaseException: Unknown column 'tb_notes.id_user' in 'on clause'
in SYSTEMPATH\Database\BaseConnection.php on line 647.
 1 SYSTEMPATH\Database\BaseBuilder.php(1616): CodeIgniter\Database\BaseConnection->query('SELECT *
FROM `tb_notes`
LEFT JOIN `tb_user` ON `tb_user`.`id_user` = `tb_notes`.`id_user`
ORDER BY `id_notes` ASC', [], false)
 2 APPPATH\Models\ModelNotes.php(25): CodeIgniter\Database\BaseBuilder->get()
 3 APPPATH\Controllers\Home.php(25): App\Models\ModelNotes->semua_notes()
 4 SYSTEMPATH\CodeIgniter.php(941): App\Controllers\Home->home()
 5 SYSTEMPATH\CodeIgniter.php(502): CodeIgniter\CodeIgniter->runController(Object(App\Controllers\Home))
 6 SYSTEMPATH\CodeIgniter.php(361): CodeIgniter\CodeIgniter->handleRequest(null, Object(Config\Cache), false)
 7 FCPATH\index.php(79): CodeIgniter\CodeIgniter->run()
CRITICAL - 2024-11-06 03:41:43 --> [Caused by] CodeIgniter\Database\Exceptions\DatabaseException: Unknown column 'tb_notes.id_user' in 'on clause'
in SYSTEMPATH\Database\MySQLi\Connection.php on line 311.
 1 SYSTEMPATH\Database\BaseConnection.php(693): CodeIgniter\Database\MySQLi\Connection->execute('SELECT *
FROM `tb_notes`
LEFT JOIN `tb_user` ON `tb_user`.`id_user` = `tb_notes`.`id_user`
ORDER BY `id_notes` ASC')
 2 SYSTEMPATH\Database\BaseConnection.php(607): CodeIgniter\Database\BaseConnection->simpleQuery('SELECT *
FROM `tb_notes`
LEFT JOIN `tb_user` ON `tb_user`.`id_user` = `tb_notes`.`id_user`
ORDER BY `id_notes` ASC')
 3 SYSTEMPATH\Database\BaseBuilder.php(1616): CodeIgniter\Database\BaseConnection->query('SELECT *
FROM `tb_notes`
LEFT JOIN `tb_user` ON `tb_user`.`id_user` = `tb_notes`.`id_user`
ORDER BY `id_notes` ASC', [], false)
 4 APPPATH\Models\ModelNotes.php(25): CodeIgniter\Database\BaseBuilder->get()
 5 APPPATH\Controllers\Home.php(25): App\Models\ModelNotes->semua_notes()
 6 SYSTEMPATH\CodeIgniter.php(941): App\Controllers\Home->home()
 7 SYSTEMPATH\CodeIgniter.php(502): CodeIgniter\CodeIgniter->runController(Object(App\Controllers\Home))
 8 SYSTEMPATH\CodeIgniter.php(361): CodeIgniter\CodeIgniter->handleRequest(null, Object(Config\Cache), false)
 9 FCPATH\index.php(79): CodeIgniter\CodeIgniter->run()
CRITICAL - 2024-11-06 03:41:43 --> [Caused by] mysqli_sql_exception: Unknown column 'tb_notes.id_user' in 'on clause'
in SYSTEMPATH\Database\MySQLi\Connection.php on line 306.
 1 SYSTEMPATH\Database\MySQLi\Connection.php(306): mysqli->query('SELECT *
FROM `tb_notes`
LEFT JOIN `tb_user` ON `tb_user`.`id_user` = `tb_notes`.`id_user`
ORDER BY `id_notes` ASC', 0)
 2 SYSTEMPATH\Database\BaseConnection.php(693): CodeIgniter\Database\MySQLi\Connection->execute('SELECT *
FROM `tb_notes`
LEFT JOIN `tb_user` ON `tb_user`.`id_user` = `tb_notes`.`id_user`
ORDER BY `id_notes` ASC')
 3 SYSTEMPATH\Database\BaseConnection.php(607): CodeIgniter\Database\BaseConnection->simpleQuery('SELECT *
FROM `tb_notes`
LEFT JOIN `tb_user` ON `tb_user`.`id_user` = `tb_notes`.`id_user`
ORDER BY `id_notes` ASC')
 4 SYSTEMPATH\Database\BaseBuilder.php(1616): CodeIgniter\Database\BaseConnection->query('SELECT *
FROM `tb_notes`
LEFT JOIN `tb_user` ON `tb_user`.`id_user` = `tb_notes`.`id_user`
ORDER BY `id_notes` ASC', [], false)
 5 APPPATH\Models\ModelNotes.php(25): CodeIgniter\Database\BaseBuilder->get()
 6 APPPATH\Controllers\Home.php(25): App\Models\ModelNotes->semua_notes()
 7 SYSTEMPATH\CodeIgniter.php(941): App\Controllers\Home->home()
 8 SYSTEMPATH\CodeIgniter.php(502): CodeIgniter\CodeIgniter->runController(Object(App\Controllers\Home))
 9 SYSTEMPATH\CodeIgniter.php(361): CodeIgniter\CodeIgniter->handleRequest(null, Object(Config\Cache), false)
10 FCPATH\index.php(79): CodeIgniter\CodeIgniter->run()
INFO - 2024-11-06 03:41:52 --> Session: Class initialized using 'CodeIgniter\Session\Handlers\FileHandler' driver.
INFO - 2024-11-06 03:43:29 --> Session: Class initialized using 'CodeIgniter\Session\Handlers\FileHandler' driver.
ERROR - 2024-11-06 03:43:29 --> mysqli_sql_exception: Not unique table/alias: 'tb_notes' in C:\xampp\htdocs\notes\system\Database\MySQLi\Connection.php:306
Stack trace:
#0 C:\xampp\htdocs\notes\system\Database\MySQLi\Connection.php(306): mysqli->query('SELECT *\nFROM `...', 0)
#1 C:\xampp\htdocs\notes\system\Database\BaseConnection.php(693): CodeIgniter\Database\MySQLi\Connection->execute('SELECT *\nFROM `...')
#2 C:\xampp\htdocs\notes\system\Database\BaseConnection.php(607): CodeIgniter\Database\BaseConnection->simpleQuery('SELECT *\nFROM `...')
#3 C:\xampp\htdocs\notes\system\Database\BaseBuilder.php(1616): CodeIgniter\Database\BaseConnection->query('SELECT *\nFROM `...', Array, false)
#4 C:\xampp\htdocs\notes\app\Models\ModelNotes.php(25): CodeIgniter\Database\BaseBuilder->get()
#5 C:\xampp\htdocs\notes\app\Controllers\Home.php(25): App\Models\ModelNotes->semua_notes()
#6 C:\xampp\htdocs\notes\system\CodeIgniter.php(941): App\Controllers\Home->home()
#7 C:\xampp\htdocs\notes\system\CodeIgniter.php(502): CodeIgniter\CodeIgniter->runController(Object(App\Controllers\Home))
#8 C:\xampp\htdocs\notes\system\CodeIgniter.php(361): CodeIgniter\CodeIgniter->handleRequest(NULL, Object(Config\Cache), false)
#9 C:\xampp\htdocs\notes\public\index.php(79): CodeIgniter\CodeIgniter->run()
#10 {main}
CRITICAL - 2024-11-06 03:43:29 --> CodeIgniter\Database\Exceptions\DatabaseException: Not unique table/alias: 'tb_notes'
in SYSTEMPATH\Database\BaseConnection.php on line 647.
 1 SYSTEMPATH\Database\BaseBuilder.php(1616): CodeIgniter\Database\BaseConnection->query('SELECT *
FROM `tb_notes`
LEFT JOIN `tb_notes` ON `tb_notes`.`id_user` = `tb_notes`.`tb_notes`
ORDER BY `id_notes` ASC', [], false)
 2 APPPATH\Models\ModelNotes.php(25): CodeIgniter\Database\BaseBuilder->get()
 3 APPPATH\Controllers\Home.php(25): App\Models\ModelNotes->semua_notes()
 4 SYSTEMPATH\CodeIgniter.php(941): App\Controllers\Home->home()
 5 SYSTEMPATH\CodeIgniter.php(502): CodeIgniter\CodeIgniter->runController(Object(App\Controllers\Home))
 6 SYSTEMPATH\CodeIgniter.php(361): CodeIgniter\CodeIgniter->handleRequest(null, Object(Config\Cache), false)
 7 FCPATH\index.php(79): CodeIgniter\CodeIgniter->run()
CRITICAL - 2024-11-06 03:43:29 --> [Caused by] CodeIgniter\Database\Exceptions\DatabaseException: Not unique table/alias: 'tb_notes'
in SYSTEMPATH\Database\MySQLi\Connection.php on line 311.
 1 SYSTEMPATH\Database\BaseConnection.php(693): CodeIgniter\Database\MySQLi\Connection->execute('SELECT *
FROM `tb_notes`
LEFT JOIN `tb_notes` ON `tb_notes`.`id_user` = `tb_notes`.`tb_notes`
ORDER BY `id_notes` ASC')
 2 SYSTEMPATH\Database\BaseConnection.php(607): CodeIgniter\Database\BaseConnection->simpleQuery('SELECT *
FROM `tb_notes`
LEFT JOIN `tb_notes` ON `tb_notes`.`id_user` = `tb_notes`.`tb_notes`
ORDER BY `id_notes` ASC')
 3 SYSTEMPATH\Database\BaseBuilder.php(1616): CodeIgniter\Database\BaseConnection->query('SELECT *
FROM `tb_notes`
LEFT JOIN `tb_notes` ON `tb_notes`.`id_user` = `tb_notes`.`tb_notes`
ORDER BY `id_notes` ASC', [], false)
 4 APPPATH\Models\ModelNotes.php(25): CodeIgniter\Database\BaseBuilder->get()
 5 APPPATH\Controllers\Home.php(25): App\Models\ModelNotes->semua_notes()
 6 SYSTEMPATH\CodeIgniter.php(941): App\Controllers\Home->home()
 7 SYSTEMPATH\CodeIgniter.php(502): CodeIgniter\CodeIgniter->runController(Object(App\Controllers\Home))
 8 SYSTEMPATH\CodeIgniter.php(361): CodeIgniter\CodeIgniter->handleRequest(null, Object(Config\Cache), false)
 9 FCPATH\index.php(79): CodeIgniter\CodeIgniter->run()
CRITICAL - 2024-11-06 03:43:29 --> [Caused by] mysqli_sql_exception: Not unique table/alias: 'tb_notes'
in SYSTEMPATH\Database\MySQLi\Connection.php on line 306.
 1 SYSTEMPATH\Database\MySQLi\Connection.php(306): mysqli->query('SELECT *
FROM `tb_notes`
LEFT JOIN `tb_notes` ON `tb_notes`.`id_user` = `tb_notes`.`tb_notes`
ORDER BY `id_notes` ASC', 0)
 2 SYSTEMPATH\Database\BaseConnection.php(693): CodeIgniter\Database\MySQLi\Connection->execute('SELECT *
FROM `tb_notes`
LEFT JOIN `tb_notes` ON `tb_notes`.`id_user` = `tb_notes`.`tb_notes`
ORDER BY `id_notes` ASC')
 3 SYSTEMPATH\Database\BaseConnection.php(607): CodeIgniter\Database\BaseConnection->simpleQuery('SELECT *
FROM `tb_notes`
LEFT JOIN `tb_notes` ON `tb_notes`.`id_user` = `tb_notes`.`tb_notes`
ORDER BY `id_notes` ASC')
 4 SYSTEMPATH\Database\BaseBuilder.php(1616): CodeIgniter\Database\BaseConnection->query('SELECT *
FROM `tb_notes`
LEFT JOIN `tb_notes` ON `tb_notes`.`id_user` = `tb_notes`.`tb_notes`
ORDER BY `id_notes` ASC', [], false)
 5 APPPATH\Models\ModelNotes.php(25): CodeIgniter\Database\BaseBuilder->get()
 6 APPPATH\Controllers\Home.php(25): App\Models\ModelNotes->semua_notes()
 7 SYSTEMPATH\CodeIgniter.php(941): App\Controllers\Home->home()
 8 SYSTEMPATH\CodeIgniter.php(502): CodeIgniter\CodeIgniter->runController(Object(App\Controllers\Home))
 9 SYSTEMPATH\CodeIgniter.php(361): CodeIgniter\CodeIgniter->handleRequest(null, Object(Config\Cache), false)
10 FCPATH\index.php(79): CodeIgniter\CodeIgniter->run()
INFO - 2024-11-06 03:46:38 --> Session: Class initialized using 'CodeIgniter\Session\Handlers\FileHandler' driver.
CRITICAL - 2024-11-06 03:46:38 --> ArgumentCountError: Too few arguments to function App\Models\ModelNotes::semua_notes(), 0 passed in C:\xampp\htdocs\notes\app\Controllers\Home.php on line 25 and exactly 1 expected
in APPPATH\Models\ModelNotes.php on line 19.
 1 APPPATH\Controllers\Home.php(25): App\Models\ModelNotes->semua_notes()
 2 SYSTEMPATH\CodeIgniter.php(941): App\Controllers\Home->home()
 3 SYSTEMPATH\CodeIgniter.php(502): CodeIgniter\CodeIgniter->runController(Object(App\Controllers\Home))
 4 SYSTEMPATH\CodeIgniter.php(361): CodeIgniter\CodeIgniter->handleRequest(null, Object(Config\Cache), false)
 5 FCPATH\index.php(79): CodeIgniter\CodeIgniter->run()
INFO - 2024-11-06 03:47:44 --> Session: Class initialized using 'CodeIgniter\Session\Handlers\FileHandler' driver.
CRITICAL - 2024-11-06 03:47:44 --> ErrorException: Undefined variable: id_member
in APPPATH\Controllers\Home.php on line 25.
 1 APPPATH\Controllers\Home.php(25): CodeIgniter\Debug\Exceptions->errorHandler(8, 'Undefined variable: id_member', 'C:\\xampp\\htdocs\\notes\\app\\Controllers\\Home.php', 25, [...])
 2 SYSTEMPATH\CodeIgniter.php(941): App\Controllers\Home->home()
 3 SYSTEMPATH\CodeIgniter.php(502): CodeIgniter\CodeIgniter->runController(Object(App\Controllers\Home))
 4 SYSTEMPATH\CodeIgniter.php(361): CodeIgniter\CodeIgniter->handleRequest(null, Object(Config\Cache), false)
 5 FCPATH\index.php(79): CodeIgniter\CodeIgniter->run()
INFO - 2024-11-06 03:48:44 --> Session: Class initialized using 'CodeIgniter\Session\Handlers\FileHandler' driver.
CRITICAL - 2024-11-06 03:48:44 --> ErrorException: Undefined variable: id_member
in APPPATH\Controllers\Home.php on line 25.
 1 APPPATH\Controllers\Home.php(25): CodeIgniter\Debug\Exceptions->errorHandler(8, 'Undefined variable: id_member', 'C:\\xampp\\htdocs\\notes\\app\\Controllers\\Home.php', 25, [...])
 2 SYSTEMPATH\CodeIgniter.php(941): App\Controllers\Home->home()
 3 SYSTEMPATH\CodeIgniter.php(502): CodeIgniter\CodeIgniter->runController(Object(App\Controllers\Home))
 4 SYSTEMPATH\CodeIgniter.php(361): CodeIgniter\CodeIgniter->handleRequest(null, Object(Config\Cache), false)
 5 FCPATH\index.php(79): CodeIgniter\CodeIgniter->run()
INFO - 2024-11-06 03:48:51 --> Session: Class initialized using 'CodeIgniter\Session\Handlers\FileHandler' driver.
CRITICAL - 2024-11-06 03:48:51 --> ErrorException: Undefined variable: id_user
in APPPATH\Models\ModelNotes.php on line 24.
 1 APPPATH\Models\ModelNotes.php(24): CodeIgniter\Debug\Exceptions->errorHandler(8, 'Undefined variable: id_user', 'C:\\xampp\\htdocs\\notes\\app\\Models\\ModelNotes.php', 24, [...])
 2 APPPATH\Controllers\Home.php(25): App\Models\ModelNotes->semua_notes('1')
 3 SYSTEMPATH\CodeIgniter.php(941): App\Controllers\Home->home()
 4 SYSTEMPATH\CodeIgniter.php(502): CodeIgniter\CodeIgniter->runController(Object(App\Controllers\Home))
 5 SYSTEMPATH\CodeIgniter.php(361): CodeIgniter\CodeIgniter->handleRequest(null, Object(Config\Cache), false)
 6 FCPATH\index.php(79): CodeIgniter\CodeIgniter->run()
INFO - 2024-11-06 03:50:01 --> Session: Class initialized using 'CodeIgniter\Session\Handlers\FileHandler' driver.
CRITICAL - 2024-11-06 03:50:01 --> ErrorException: Undefined variable: id_user
in APPPATH\Models\ModelNotes.php on line 24.
 1 APPPATH\Models\ModelNotes.php(24): CodeIgniter\Debug\Exceptions->errorHandler(8, 'Undefined variable: id_user', 'C:\\xampp\\htdocs\\notes\\app\\Models\\ModelNotes.php', 24, [...])
 2 APPPATH\Controllers\Home.php(25): App\Models\ModelNotes->semua_notes('1')
 3 SYSTEMPATH\CodeIgniter.php(941): App\Controllers\Home->home()
 4 SYSTEMPATH\CodeIgniter.php(502): CodeIgniter\CodeIgniter->runController(Object(App\Controllers\Home))
 5 SYSTEMPATH\CodeIgniter.php(361): CodeIgniter\CodeIgniter->handleRequest(null, Object(Config\Cache), false)
 6 FCPATH\index.php(79): CodeIgniter\CodeIgniter->run()
INFO - 2024-11-06 03:51:19 --> Session: Class initialized using 'CodeIgniter\Session\Handlers\FileHandler' driver.
INFO - 2024-11-06 03:51:46 --> Session: Class initialized using 'CodeIgniter\Session\Handlers\FileHandler' driver.
INFO - 2024-11-06 03:58:36 --> Session: Class initialized using 'CodeIgniter\Session\Handlers\FileHandler' driver.
INFO - 2024-11-06 03:58:55 --> Session: Class initialized using 'CodeIgniter\Session\Handlers\FileHandler' driver.
INFO - 2024-11-06 03:59:12 --> Session: Class initialized using 'CodeIgniter\Session\Handlers\FileHandler' driver.
INFO - 2024-11-06 03:59:22 --> Session: Class initialized using 'CodeIgniter\Session\Handlers\FileHandler' driver.
INFO - 2024-11-06 03:59:24 --> Session: Class initialized using 'CodeIgniter\Session\Handlers\FileHandler' driver.
INFO - 2024-11-06 04:00:19 --> Session: Class initialized using 'CodeIgniter\Session\Handlers\FileHandler' driver.
INFO - 2024-11-06 04:00:19 --> Session: Class initialized using 'CodeIgniter\Session\Handlers\FileHandler' driver.
INFO - 2024-11-06 04:01:56 --> Session: Class initialized using 'CodeIgniter\Session\Handlers\FileHandler' driver.
INFO - 2024-11-06 04:02:11 --> Session: Class initialized using 'CodeIgniter\Session\Handlers\FileHandler' driver.
INFO - 2024-11-06 04:03:23 --> Session: Class initialized using 'CodeIgniter\Session\Handlers\FileHandler' driver.
INFO - 2024-11-06 04:03:56 --> Session: Class initialized using 'CodeIgniter\Session\Handlers\FileHandler' driver.
INFO - 2024-11-06 04:04:00 --> Session: Class initialized using 'CodeIgniter\Session\Handlers\FileHandler' driver.
INFO - 2024-11-06 04:04:11 --> Session: Class initialized using 'CodeIgniter\Session\Handlers\FileHandler' driver.
INFO - 2024-11-06 04:05:25 --> Session: Class initialized using 'CodeIgniter\Session\Handlers\FileHandler' driver.
INFO - 2024-11-06 05:15:17 --> Session: Class initialized using 'CodeIgniter\Session\Handlers\FileHandler' driver.
INFO - 2024-11-06 05:15:27 --> Session: Class initialized using 'CodeIgniter\Session\Handlers\FileHandler' driver.
INFO - 2024-11-06 05:15:27 --> Session: Class initialized using 'CodeIgniter\Session\Handlers\FileHandler' driver.
INFO - 2024-11-06 05:15:36 --> Session: Class initialized using 'CodeIgniter\Session\Handlers\FileHandler' driver.
INFO - 2024-11-06 05:15:37 --> Session: Class initialized using 'CodeIgniter\Session\Handlers\FileHandler' driver.
INFO - 2024-11-06 05:16:08 --> Session: Class initialized using 'CodeIgniter\Session\Handlers\FileHandler' driver.
INFO - 2024-11-06 05:16:09 --> Session: Class initialized using 'CodeIgniter\Session\Handlers\FileHandler' driver.
INFO - 2024-11-06 05:16:10 --> Session: Class initialized using 'CodeIgniter\Session\Handlers\FileHandler' driver.
INFO - 2024-11-06 05:16:10 --> Session: Class initialized using 'CodeIgniter\Session\Handlers\FileHandler' driver.
INFO - 2024-11-06 05:16:10 --> Session: Class initialized using 'CodeIgniter\Session\Handlers\FileHandler' driver.
INFO - 2024-11-06 05:16:16 --> Session: Class initialized using 'CodeIgniter\Session\Handlers\FileHandler' driver.
INFO - 2024-11-06 05:16:23 --> Session: Class initialized using 'CodeIgniter\Session\Handlers\FileHandler' driver.
INFO - 2024-11-06 05:17:42 --> Session: Class initialized using 'CodeIgniter\Session\Handlers\FileHandler' driver.
INFO - 2024-11-06 05:18:26 --> Session: Class initialized using 'CodeIgniter\Session\Handlers\FileHandler' driver.
INFO - 2024-11-06 05:18:31 --> Session: Class initialized using 'CodeIgniter\Session\Handlers\FileHandler' driver.
INFO - 2024-11-06 05:19:28 --> Session: Class initialized using 'CodeIgniter\Session\Handlers\FileHandler' driver.
INFO - 2024-11-06 05:19:40 --> Session: Class initialized using 'CodeIgniter\Session\Handlers\FileHandler' driver.
INFO - 2024-11-06 05:20:28 --> Session: Class initialized using 'CodeIgniter\Session\Handlers\FileHandler' driver.
INFO - 2024-11-06 05:20:34 --> Session: Class initialized using 'CodeIgniter\Session\Handlers\FileHandler' driver.
INFO - 2024-11-06 05:21:06 --> Session: Class initialized using 'CodeIgniter\Session\Handlers\FileHandler' driver.
INFO - 2024-11-06 05:21:13 --> Session: Class initialized using 'CodeIgniter\Session\Handlers\FileHandler' driver.
INFO - 2024-11-06 05:22:21 --> Session: Class initialized using 'CodeIgniter\Session\Handlers\FileHandler' driver.
CRITICAL - 2024-11-06 05:22:21 --> ErrorException: Undefined variable: buku
in APPPATH\Views\home.php on line 68.
 1 APPPATH\Views\home.php(68): CodeIgniter\Debug\Exceptions->errorHandler(8, 'Undefined variable: buku', 'C:\\xampp\\htdocs\\notes\\app\\Views\\home.php', 68, [...])
 2 SYSTEMPATH\View\View.php(228): include('C:\\xampp\\htdocs\\notes\\app\\Views\\home.php')
 3 SYSTEMPATH\View\View.php(231): CodeIgniter\View\View->CodeIgniter\View\{closure}()
 4 SYSTEMPATH\Common.php(1178): CodeIgniter\View\View->render('home', [], true)
 5 APPPATH\Controllers\Home.php(41): view('home', [...])
 6 SYSTEMPATH\CodeIgniter.php(941): App\Controllers\Home->home()
 7 SYSTEMPATH\CodeIgniter.php(502): CodeIgniter\CodeIgniter->runController(Object(App\Controllers\Home))
 8 SYSTEMPATH\CodeIgniter.php(361): CodeIgniter\CodeIgniter->handleRequest(null, Object(Config\Cache), false)
 9 FCPATH\index.php(79): CodeIgniter\CodeIgniter->run()
INFO - 2024-11-06 05:22:52 --> Session: Class initialized using 'CodeIgniter\Session\Handlers\FileHandler' driver.
CRITICAL - 2024-11-06 05:22:52 --> ErrorException: Undefined variable: buku
in APPPATH\Views\home.php on line 68.
 1 APPPATH\Views\home.php(68): CodeIgniter\Debug\Exceptions->errorHandler(8, 'Undefined variable: buku', 'C:\\xampp\\htdocs\\notes\\app\\Views\\home.php', 68, [...])
 2 SYSTEMPATH\View\View.php(228): include('C:\\xampp\\htdocs\\notes\\app\\Views\\home.php')
 3 SYSTEMPATH\View\View.php(231): CodeIgniter\View\View->CodeIgniter\View\{closure}()
 4 SYSTEMPATH\Common.php(1178): CodeIgniter\View\View->render('home', [], true)
 5 APPPATH\Controllers\Home.php(41): view('home', [...])
 6 SYSTEMPATH\CodeIgniter.php(941): App\Controllers\Home->home()
 7 SYSTEMPATH\CodeIgniter.php(502): CodeIgniter\CodeIgniter->runController(Object(App\Controllers\Home))
 8 SYSTEMPATH\CodeIgniter.php(361): CodeIgniter\CodeIgniter->handleRequest(null, Object(Config\Cache), false)
 9 FCPATH\index.php(79): CodeIgniter\CodeIgniter->run()
INFO - 2024-11-06 05:23:06 --> Session: Class initialized using 'CodeIgniter\Session\Handlers\FileHandler' driver.
CRITICAL - 2024-11-06 05:23:06 --> ErrorException: Undefined variable: notes
in APPPATH\Views\home.php on line 68.
 1 APPPATH\Views\home.php(68): CodeIgniter\Debug\Exceptions->errorHandler(8, 'Undefined variable: notes', 'C:\\xampp\\htdocs\\notes\\app\\Views\\home.php', 68, [...])
 2 SYSTEMPATH\View\View.php(228): include('C:\\xampp\\htdocs\\notes\\app\\Views\\home.php')
 3 SYSTEMPATH\View\View.php(231): CodeIgniter\View\View->CodeIgniter\View\{closure}()
 4 SYSTEMPATH\Common.php(1178): CodeIgniter\View\View->render('home', [], true)
 5 APPPATH\Controllers\Home.php(41): view('home', [...])
 6 SYSTEMPATH\CodeIgniter.php(941): App\Controllers\Home->home()
 7 SYSTEMPATH\CodeIgniter.php(502): CodeIgniter\CodeIgniter->runController(Object(App\Controllers\Home))
 8 SYSTEMPATH\CodeIgniter.php(361): CodeIgniter\CodeIgniter->handleRequest(null, Object(Config\Cache), false)
 9 FCPATH\index.php(79): CodeIgniter\CodeIgniter->run()
INFO - 2024-11-06 05:24:29 --> Session: Class initialized using 'CodeIgniter\Session\Handlers\FileHandler' driver.
INFO - 2024-11-06 05:25:10 --> Session: Class initialized using 'CodeIgniter\Session\Handlers\FileHandler' driver.
INFO - 2024-11-06 05:25:19 --> Session: Class initialized using 'CodeIgniter\Session\Handlers\FileHandler' driver.
INFO - 2024-11-06 08:09:14 --> Session: Class initialized using 'CodeIgniter\Session\Handlers\FileHandler' driver.
INFO - 2024-11-06 08:09:29 --> Session: Class initialized using 'CodeIgniter\Session\Handlers\FileHandler' driver.
INFO - 2024-11-06 08:09:29 --> Session: Class initialized using 'CodeIgniter\Session\Handlers\FileHandler' driver.
INFO - 2024-11-06 08:10:10 --> Session: Class initialized using 'CodeIgniter\Session\Handlers\FileHandler' driver.
INFO - 2024-11-06 08:11:50 --> Session: Class initialized using 'CodeIgniter\Session\Handlers\FileHandler' driver.
CRITICAL - 2024-11-06 08:11:53 --> BadMethodCallException: Call to undefined method App\Models\ModelNotes::dapatkan_koleksi
in SYSTEMPATH\Model.php on line 874.
 1 APPPATH\Controllers\Notes.php(46): CodeIgniter\Model->__call('dapatkan_koleksi', [...])
 2 SYSTEMPATH\CodeIgniter.php(941): App\Controllers\Notes->hapus_notes('1')
 3 SYSTEMPATH\CodeIgniter.php(502): CodeIgniter\CodeIgniter->runController(Object(App\Controllers\Notes))
 4 SYSTEMPATH\CodeIgniter.php(361): CodeIgniter\CodeIgniter->handleRequest(null, Object(Config\Cache), false)
 5 FCPATH\index.php(79): CodeIgniter\CodeIgniter->run()
CRITICAL - 2024-11-06 08:20:53 --> BadMethodCallException: Call to undefined method App\Models\ModelNotes::dapatkan_koleksi
in SYSTEMPATH\Model.php on line 874.
 1 APPPATH\Controllers\Notes.php(46): CodeIgniter\Model->__call('dapatkan_koleksi', [...])
 2 SYSTEMPATH\CodeIgniter.php(941): App\Controllers\Notes->hapus_notes('1')
 3 SYSTEMPATH\CodeIgniter.php(502): CodeIgniter\CodeIgniter->runController(Object(App\Controllers\Notes))
 4 SYSTEMPATH\CodeIgniter.php(361): CodeIgniter\CodeIgniter->handleRequest(null, Object(Config\Cache), false)
 5 FCPATH\index.php(79): CodeIgniter\CodeIgniter->run()
INFO - 2024-11-06 08:20:55 --> Session: Class initialized using 'CodeIgniter\Session\Handlers\FileHandler' driver.
INFO - 2024-11-06 08:21:03 --> Session: Class initialized using 'CodeIgniter\Session\Handlers\FileHandler' driver.
CRITICAL - 2024-11-06 08:21:09 --> BadMethodCallException: Call to undefined method App\Models\ModelNotes::dapatkan_koleksi
in SYSTEMPATH\Model.php on line 874.
 1 APPPATH\Controllers\Notes.php(46): CodeIgniter\Model->__call('dapatkan_koleksi', [...])
 2 SYSTEMPATH\CodeIgniter.php(941): App\Controllers\Notes->hapus_notes('3')
 3 SYSTEMPATH\CodeIgniter.php(502): CodeIgniter\CodeIgniter->runController(Object(App\Controllers\Notes))
 4 SYSTEMPATH\CodeIgniter.php(361): CodeIgniter\CodeIgniter->handleRequest(null, Object(Config\Cache), false)
 5 FCPATH\index.php(79): CodeIgniter\CodeIgniter->run()
INFO - 2024-11-06 08:22:39 --> Session: Class initialized using 'CodeIgniter\Session\Handlers\FileHandler' driver.
INFO - 2024-11-06 08:23:11 --> Session: Class initialized using 'CodeIgniter\Session\Handlers\FileHandler' driver.
CRITICAL - 2024-11-06 08:23:11 --> CodeIgniter\View\Exceptions\ViewException: Invalid file: ".php"
in SYSTEMPATH\Exceptions\FrameworkException.php on line 39.
 1 SYSTEMPATH\View\View.php(216): CodeIgniter\Exceptions\FrameworkException::forInvalidFile('.php')
 2 SYSTEMPATH\Common.php(1178): CodeIgniter\View\View->render('', [], true)
 3 APPPATH\Controllers\Home.php(40): view('', [...])
 4 SYSTEMPATH\CodeIgniter.php(941): App\Controllers\Home->home()
 5 SYSTEMPATH\CodeIgniter.php(502): CodeIgniter\CodeIgniter->runController(Object(App\Controllers\Home))
 6 SYSTEMPATH\CodeIgniter.php(361): CodeIgniter\CodeIgniter->handleRequest(null, Object(Config\Cache), false)
 7 FCPATH\index.php(79): CodeIgniter\CodeIgniter->run()
INFO - 2024-11-06 08:23:16 --> Session: Class initialized using 'CodeIgniter\Session\Handlers\FileHandler' driver.
CRITICAL - 2024-11-06 08:23:16 --> CodeIgniter\View\Exceptions\ViewException: Invalid file: "/.php"
in SYSTEMPATH\Exceptions\FrameworkException.php on line 39.
 1 SYSTEMPATH\View\View.php(216): CodeIgniter\Exceptions\FrameworkException::forInvalidFile('/.php')
 2 SYSTEMPATH\Common.php(1178): CodeIgniter\View\View->render('/', [], true)
 3 APPPATH\Controllers\Home.php(40): view('/', [...])
 4 SYSTEMPATH\CodeIgniter.php(941): App\Controllers\Home->home()
 5 SYSTEMPATH\CodeIgniter.php(502): CodeIgniter\CodeIgniter->runController(Object(App\Controllers\Home))
 6 SYSTEMPATH\CodeIgniter.php(361): CodeIgniter\CodeIgniter->handleRequest(null, Object(Config\Cache), false)
 7 FCPATH\index.php(79): CodeIgniter\CodeIgniter->run()
INFO - 2024-11-06 08:23:23 --> Session: Class initialized using 'CodeIgniter\Session\Handlers\FileHandler' driver.
INFO - 2024-11-06 08:23:23 --> Session: Class initialized using 'CodeIgniter\Session\Handlers\FileHandler' driver.
CRITICAL - 2024-11-06 08:23:23 --> CodeIgniter\View\Exceptions\ViewException: Invalid file: "/.php"
in SYSTEMPATH\Exceptions\FrameworkException.php on line 39.
 1 SYSTEMPATH\View\View.php(216): CodeIgniter\Exceptions\FrameworkException::forInvalidFile('/.php')
 2 SYSTEMPATH\Common.php(1178): CodeIgniter\View\View->render('/', [], true)
 3 APPPATH\Controllers\Home.php(40): view('/', [...])
 4 SYSTEMPATH\CodeIgniter.php(941): App\Controllers\Home->home()
 5 SYSTEMPATH\CodeIgniter.php(502): CodeIgniter\CodeIgniter->runController(Object(App\Controllers\Home))
 6 SYSTEMPATH\CodeIgniter.php(361): CodeIgniter\CodeIgniter->handleRequest(null, Object(Config\Cache), false)
 7 FCPATH\index.php(79): CodeIgniter\CodeIgniter->run()
INFO - 2024-11-06 08:24:35 --> Session: Class initialized using 'CodeIgniter\Session\Handlers\FileHandler' driver.
INFO - 2024-11-06 08:24:40 --> Session: Class initialized using 'CodeIgniter\Session\Handlers\FileHandler' driver.
INFO - 2024-11-06 08:24:53 --> Session: Class initialized using 'CodeIgniter\Session\Handlers\FileHandler' driver.
INFO - 2024-11-06 08:25:04 --> Session: Class initialized using 'CodeIgniter\Session\Handlers\FileHandler' driver.
INFO - 2024-11-06 08:25:29 --> Session: Class initialized using 'CodeIgniter\Session\Handlers\FileHandler' driver.
INFO - 2024-11-06 08:25:39 --> Session: Class initialized using 'CodeIgniter\Session\Handlers\FileHandler' driver.
INFO - 2024-11-06 08:25:40 --> Session: Class initialized using 'CodeIgniter\Session\Handlers\FileHandler' driver.
INFO - 2024-11-06 08:25:59 --> Session: Class initialized using 'CodeIgniter\Session\Handlers\FileHandler' driver.
INFO - 2024-11-06 08:26:14 --> Session: Class initialized using 'CodeIgniter\Session\Handlers\FileHandler' driver.
INFO - 2024-11-06 08:26:55 --> Session: Class initialized using 'CodeIgniter\Session\Handlers\FileHandler' driver.
INFO - 2024-11-06 08:26:55 --> Session: Class initialized using 'CodeIgniter\Session\Handlers\FileHandler' driver.
INFO - 2024-11-06 08:27:14 --> Session: Class initialized using 'CodeIgniter\Session\Handlers\FileHandler' driver.
INFO - 2024-11-06 08:27:32 --> Session: Class initialized using 'CodeIgniter\Session\Handlers\FileHandler' driver.
INFO - 2024-11-06 08:28:02 --> Session: Class initialized using 'CodeIgniter\Session\Handlers\FileHandler' driver.
INFO - 2024-11-06 08:28:03 --> Session: Class initialized using 'CodeIgniter\Session\Handlers\FileHandler' driver.
INFO - 2024-11-06 08:28:13 --> Session: Class initialized using 'CodeIgniter\Session\Handlers\FileHandler' driver.
INFO - 2024-11-06 08:28:29 --> Session: Class initialized using 'CodeIgniter\Session\Handlers\FileHandler' driver.
INFO - 2024-11-06 08:28:45 --> Session: Class initialized using 'CodeIgniter\Session\Handlers\FileHandler' driver.
INFO - 2024-11-06 08:28:47 --> Session: Class initialized using 'CodeIgniter\Session\Handlers\FileHandler' driver.
INFO - 2024-11-06 08:28:51 --> Session: Class initialized using 'CodeIgniter\Session\Handlers\FileHandler' driver.
INFO - 2024-11-06 08:28:51 --> Session: Class initialized using 'CodeIgniter\Session\Handlers\FileHandler' driver.
INFO - 2024-11-06 08:28:54 --> Session: Class initialized using 'CodeIgniter\Session\Handlers\FileHandler' driver.
INFO - 2024-11-06 08:28:54 --> Session: Class initialized using 'CodeIgniter\Session\Handlers\FileHandler' driver.
INFO - 2024-11-06 08:28:56 --> Session: Class initialized using 'CodeIgniter\Session\Handlers\FileHandler' driver.
INFO - 2024-11-06 08:28:57 --> Session: Class initialized using 'CodeIgniter\Session\Handlers\FileHandler' driver.
INFO - 2024-11-06 08:28:59 --> Session: Class initialized using 'CodeIgniter\Session\Handlers\FileHandler' driver.
INFO - 2024-11-06 08:28:59 --> Session: Class initialized using 'CodeIgniter\Session\Handlers\FileHandler' driver.
INFO - 2024-11-06 08:32:00 --> Session: Class initialized using 'CodeIgniter\Session\Handlers\FileHandler' driver.
INFO - 2024-11-06 08:32:20 --> Session: Class initialized using 'CodeIgniter\Session\Handlers\FileHandler' driver.
INFO - 2024-11-06 08:34:31 --> Session: Class initialized using 'CodeIgniter\Session\Handlers\FileHandler' driver.
INFO - 2024-11-06 08:34:34 --> Session: Class initialized using 'CodeIgniter\Session\Handlers\FileHandler' driver.
INFO - 2024-11-06 08:34:34 --> Session: Class initialized using 'CodeIgniter\Session\Handlers\FileHandler' driver.
INFO - 2024-11-06 08:34:34 --> Session: Class initialized using 'CodeIgniter\Session\Handlers\FileHandler' driver.
INFO - 2024-11-06 08:35:02 --> Session: Class initialized using 'CodeIgniter\Session\Handlers\FileHandler' driver.
INFO - 2024-11-06 08:35:03 --> Session: Class initialized using 'CodeIgniter\Session\Handlers\FileHandler' driver.
INFO - 2024-11-06 08:35:40 --> Session: Class initialized using 'CodeIgniter\Session\Handlers\FileHandler' driver.
INFO - 2024-11-06 08:36:06 --> Session: Class initialized using 'CodeIgniter\Session\Handlers\FileHandler' driver.
INFO - 2024-11-06 08:36:06 --> Session: Class initialized using 'CodeIgniter\Session\Handlers\FileHandler' driver.
INFO - 2024-11-06 08:36:38 --> Session: Class initialized using 'CodeIgniter\Session\Handlers\FileHandler' driver.
INFO - 2024-11-06 08:37:03 --> Session: Class initialized using 'CodeIgniter\Session\Handlers\FileHandler' driver.
INFO - 2024-11-06 08:37:03 --> Session: Class initialized using 'CodeIgniter\Session\Handlers\FileHandler' driver.
INFO - 2024-11-06 08:37:24 --> Session: Class initialized using 'CodeIgniter\Session\Handlers\FileHandler' driver.
INFO - 2024-11-06 08:37:35 --> Session: Class initialized using 'CodeIgniter\Session\Handlers\FileHandler' driver.
INFO - 2024-11-06 08:38:25 --> Session: Class initialized using 'CodeIgniter\Session\Handlers\FileHandler' driver.
